<?xml version="1.0" encoding="UTF-8"?>
<testsuite xmlns:xsi="http://www.w3.org/2001/XMLSchema-instance" xsi:noNamespaceSchemaLocation="https://maven.apache.org/surefire/maven-surefire-plugin/xsd/surefire-test-report-3.0.xsd" version="3.0" name="core.commands.CommandHandlerTest" time="0.107" tests="3" errors="0" skipped="0" failures="0">
  <properties>
[...]
</properties>
  <testcase name="testCommandRegistration" classname="core.commands.CommandHandlerTest" time="0.099"/>
  <testcase name="testCommandExecution" classname="core.commands.CommandHandlerTest" time="0.001"/>
  <testcase name="testInvalidCommandIndex" classname="core.commands.CommandHandlerTest" time="0.001"/>
</testsuite>